[2018-12-02 00:09:58] development.ERROR: Cms\Classes\CmsException: The content file 'welcome.htm' is not found. in /Users/benjest/Documents/Personal/SJMA 2018/Website_october/sjma/modules/cms/Classes/Controller.php:978
Stack trace:
#0 /Users/benjest/Documents/Personal/SJMA 2018/Website_october/sjma/modules/cms/Twig/Extension.php(113): Cms\Classes\Controller->renderContent('welcome.htm', Array)
#1 /Users/benjest/Documents/Personal/SJMA 2018/Website_october/sjma/storage/cms/twig/b3/b393a3f6bba8b6affaf37567c00614d2e6896950215dd17672db17c15cbf1c92.php(28): Cms\Twig\Extension->contentFunction('welcome.htm', Array)
#2 /Users/benjest/Documents/Personal/SJMA 2018/Website_october/sjma/vendor/twig/twig/lib/Twig/Template.php(390): __TwigTemplate_fa877856451b37d2c831c3b02fffff1c78c3b63581550dc5ade38eea9a4ee298->doDisplay(Array, Array)
#3 /Users/benjest/Documents/Personal/SJMA 2018/Website_october/sjma/vendor/twig/twig/lib/Twig/Template.php(367): Twig_Template->displayWithErrorHandling(Array, Array)
#4 /Users/benjest/Documents/Personal/SJMA 2018/Website_october/sjma/vendor/twig/twig/lib/Twig/Template.php(375): Twig_Template->display(Array)
#5 /Users/benjest/Documents/Personal/SJMA 2018/Website_october/sjma/modules/cms/Classes/Controller.php(360): Twig_Template->render(Array)
#6 /Users/benjest/Documents/Personal/SJMA 2018/Website_october/sjma/modules/cms/Classes/Controller.php(206): Cms\Classes\Controller->runPage(Object(Cms\Classes\Page))
#7 /Users/benjest/Documents/Personal/SJMA 2018/Website_october/sjma/modules/cms/Classes/CmsController.php(50): Cms\Classes\Controller->run('/')
#8 [internal function]: Cms\Classes\CmsController->run('/')
#9 /Users/benjest/Documents/Personal/SJMA 2018/Website_october/sjma/vendor/laravel/framework/src/Illuminate/Routing/Controller.php(54): call_user_func_array(Array, Array)
#10 /Users/benjest/Documents/Personal/SJMA 2018/Website_october/sjma/vendor/laravel/framework/src/Illuminate/Routing/ControllerDispatcher.php(45): Illuminate\Routing\Controller->callAction('run', Array)
#11 /Users/benjest/Documents/Personal/SJMA 2018/Website_october/sjma/vendor/laravel/framework/src/Illuminate/Routing/Route.php(212): Illuminate\Routing\ControllerDispatcher->dispatch(Object(Illuminate\Routing\Route), Object(Cms\Classes\CmsController), 'run')
#12 /Users/benjest/Documents/Personal/SJMA 2018/Website_october/sjma/vendor/laravel/framework/src/Illuminate/Routing/Route.php(169): Illuminate\Routing\Route->runController()
#13 /Users/benjest/Documents/Personal/SJMA 2018/Website_october/sjma/vendor/laravel/framework/src/Illuminate/Routing/Router.php(658): Illuminate\Routing\Route->run()
#14 /Users/benjest/Documents/Personal/SJMA 2018/Website_october/sjma/vendor/laravel/framework/src/Illuminate/Routing/Pipeline.php(30): Illuminate\Routing\Router->Illuminate\Routing\{closure}(Object(Illuminate\Http\Request))
#15 /Users/benjest/Documents/Personal/SJMA 2018/Website_october/sjma/vendor/laravel/framework/src/Illuminate/Routing/Middleware/SubstituteBindings.php(41): Illuminate\Routing\Pipeline->Illuminate\Routing\{closure}(Object(Illuminate\Http\Request))
#16 /Users/benjest/Documents/Personal/SJMA 2018/Website_october/sjma/vendor/laravel/framework/src/Illuminate/Pipeline/Pipeline.php(149): Illuminate\Routing\Middleware\SubstituteBindings->handle(Object(Illuminate\Http\Request), Object(Closure))
#17 /Users/benjest/Documents/Personal/SJMA 2018/Website_october/sjma/vendor/laravel/framework/src/Illuminate/Routing/Pipeline.php(53): Illuminate\Pipeline\Pipeline->Illuminate\Pipeline\{closure}(Object(Illuminate\Http\Request))
#18 /Users/benjest/Documents/Personal/SJMA 2018/Website_october/sjma/vendor/laravel/framework/src/Illuminate/View/Middleware/ShareErrorsFromSession.php(49): Illuminate\Routing\Pipeline->Illuminate\Routing\{closure}(Object(Illuminate\Http\Request))
#19 /Users/benjest/Documents/Personal/SJMA 2018/Website_october/sjma/vendor/laravel/framework/src/Illuminate/Pipeline/Pipeline.php(149): Illuminate\View\Middleware\ShareErrorsFromSession->handle(Object(Illuminate\Http\Request), Object(Closure))
#20 /Users/benjest/Documents/Personal/SJMA 2018/Website_october/sjma/vendor/laravel/framework/src/Illuminate/Routing/Pipeline.php(53): Illuminate\Pipeline\Pipeline->Illuminate\Pipeline\{closure}(Object(Illuminate\Http\Request))
#21 /Users/benjest/Documents/Personal/SJMA 2018/Website_october/sjma/vendor/laravel/framework/src/Illuminate/Session/Middleware/StartSession.php(63): Illuminate\Routing\Pipeline->Illuminate\Routing\{closure}(Object(Illuminate\Http\Request))
#22 /Users/benjest/Documents/Personal/SJMA 2018/Website_october/sjma/vendor/laravel/framework/src/Illuminate/Pipeline/Pipeline.php(149): Illuminate\Session\Middleware\StartSession->handle(Object(Illuminate\Http\Request), Object(Closure))
#23 /Users/benjest/Documents/Personal/SJMA 2018/Website_october/sjma/vendor/laravel/framework/src/Illuminate/Routing/Pipeline.php(53): Illuminate\Pipeline\Pipeline->Illuminate\Pipeline\{closure}(Object(Illuminate\Http\Request))
#24 /Users/benjest/Documents/Personal/SJMA 2018/Website_october/sjma/vendor/laravel/framework/src/Illuminate/Cookie/Middleware/AddQueuedCookiesToResponse.php(37): Illuminate\Routing\Pipeline->Illuminate\Routing\{closure}(Object(Illuminate\Http\Request))
#25 /Users/benjest/Documents/Personal/SJMA 2018/Website_october/sjma/vendor/laravel/framework/src/Illuminate/Pipeline/Pipeline.php(149): Illuminate\Cookie\Middleware\AddQueuedCookiesToResponse->handle(Object(Illuminate\Http\Request), Object(Closure))
#26 /Users/benjest/Documents/Personal/SJMA 2018/Website_october/sjma/vendor/laravel/framework/src/Illuminate/Routing/Pipeline.php(53): Illuminate\Pipeline\Pipeline->Illuminate\Pipeline\{closure}(Object(Illuminate\Http\Request))
#27 /Users/benjest/Documents/Personal/SJMA 2018/Website_october/sjma/vendor/laravel/framework/src/Illuminate/Cookie/Middleware/EncryptCookies.php(66): Illuminate\Routing\Pipeline->Illuminate\Routing\{closure}(Object(Illuminate\Http\Request))
#28 /Users/benjest/Documents/Personal/SJMA 2018/Website_october/sjma/vendor/laravel/framework/src/Illuminate/Pipeline/Pipeline.php(149): Illuminate\Cookie\Middleware\EncryptCookies->handle(Object(Illuminate\Http\Request), Object(Closure))
#29 /Users/benjest/Documents/Personal/SJMA 2018/Website_october/sjma/vendor/laravel/framework/src/Illuminate/Routing/Pipeline.php(53): Illuminate\Pipeline\Pipeline->Illuminate\Pipeline\{closure}(Object(Illuminate\Http\Request))
#30 /Users/benjest/Documents/Personal/SJMA 2018/Website_october/sjma/vendor/laravel/framework/src/Illuminate/Pipeline/Pipeline.php(102): Illuminate\Routing\Pipeline->Illuminate\Routing\{closure}(Object(Illuminate\Http\Request))
#31 /Users/benjest/Documents/Personal/SJMA 2018/Website_october/sjma/vendor/laravel/framework/src/Illuminate/Routing/Router.php(660): Illuminate\Pipeline\Pipeline->then(Object(Closure))
#32 /Users/benjest/Documents/Personal/SJMA 2018/Website_october/sjma/vendor/laravel/framework/src/Illuminate/Routing/Router.php(635): Illuminate\Routing\Router->runRouteWithinStack(Object(Illuminate\Routing\Route), Object(Illuminate\Http\Request))
#33 /Users/benjest/Documents/Personal/SJMA 2018/Website_october/sjma/vendor/laravel/framework/src/Illuminate/Routing/Router.php(601): Illuminate\Routing\Router->runRoute(Object(Illuminate\Http\Request), Object(Illuminate\Routing\Route))
#34 /Users/benjest/Documents/Personal/SJMA 2018/Website_october/sjma/vendor/october/rain/src/Router/CoreRouter.php(20): Illuminate\Routing\Router->dispatchToRoute(Object(Illuminate\Http\Request))
#35 /Users/benjest/Documents/Personal/SJMA 2018/Website_october/sjma/vendor/laravel/framework/src/Illuminate/Foundation/Http/Kernel.php(176): October\Rain\Router\CoreRouter->dispatch(Object(Illuminate\Http\Request))
#36 /Users/benjest/Documents/Personal/SJMA 2018/Website_october/sjma/vendor/laravel/framework/src/Illuminate/Routing/Pipeline.php(30): Illuminate\Foundation\Http\Kernel->Illuminate\Foundation\Http\{closure}(Object(Illuminate\Http\Request))
#37 /Users/benjest/Documents/Personal/SJMA 2018/Website_october/sjma/vendor/laravel/framework/src/Illuminate/Foundation/Http/Middleware/CheckForMaintenanceMode.php(46): Illuminate\Routing\Pipeline->Illuminate\Routing\{closure}(Object(Illuminate\Http\Request))
#38 /Users/benjest/Documents/Personal/SJMA 2018/Website_october/sjma/vendor/laravel/framework/src/Illuminate/Pipeline/Pipeline.php(149): Illuminate\Foundation\Http\Middleware\CheckForMaintenanceMode->handle(Object(Illuminate\Http\Request), Object(Closure))
#39 /Users/benjest/Documents/Personal/SJMA 2018/Website_october/sjma/vendor/laravel/framework/src/Illuminate/Routing/Pipeline.php(53): Illuminate\Pipeline\Pipeline->Illuminate\Pipeline\{closure}(Object(Illuminate\Http\Request))
#40 /Users/benjest/Documents/Personal/SJMA 2018/Website_october/sjma/vendor/laravel/framework/src/Illuminate/Pipeline/Pipeline.php(102): Illuminate\Routing\Pipeline->Illuminate\Routing\{closure}(Object(Illuminate\Http\Request))
#41 /Users/benjest/Documents/Personal/SJMA 2018/Website_october/sjma/vendor/laravel/framework/src/Illuminate/Foundation/Http/Kernel.php(151): Illuminate\Pipeline\Pipeline->then(Object(Closure))
#42 /Users/benjest/Documents/Personal/SJMA 2018/Website_october/sjma/vendor/laravel/framework/src/Illuminate/Foundation/Http/Kernel.php(116): Illuminate\Foundation\Http\Kernel->sendRequestThroughRouter(Object(Illuminate\Http\Request))
#43 /Users/benjest/Documents/Personal/SJMA 2018/Website_october/sjma/index.php(43): Illuminate\Foundation\Http\Kernel->handle(Object(Illuminate\Http\Request))
#44 {main}

Next Twig_Error_Runtime: An exception has been thrown during the rendering of a template ("The content file 'welcome.htm' is not found.") in "/Users/benjest/Documents/Personal/SJMA 2018/Website_october/sjma/themes/sjma/pages/home.htm" at line 3. in /Users/benjest/Documents/Personal/SJMA 2018/Website_october/sjma/vendor/twig/twig/lib/Twig/Template.php:405
Stack trace:
#0 /Users/benjest/Documents/Personal/SJMA 2018/Website_october/sjma/vendor/twig/twig/lib/Twig/Template.php(367): Twig_Template->displayWithErrorHandling(Array, Array)
#1 /Users/benjest/Documents/Personal/SJMA 2018/Website_october/sjma/vendor/twig/twig/lib/Twig/Template.php(375): Twig_Template->display(Array)
#2 /Users/benjest/Documents/Personal/SJMA 2018/Website_october/sjma/modules/cms/Classes/Controller.php(360): Twig_Template->render(Array)
#3 /Users/benjest/Documents/Personal/SJMA 2018/Website_october/sjma/modules/cms/Classes/Controller.php(206): Cms\Classes\Controller->runPage(Object(Cms\Classes\Page))
#4 /Users/benjest/Documents/Personal/SJMA 2018/Website_october/sjma/modules/cms/Classes/CmsController.php(50): Cms\Classes\Controller->run('/')
#5 [internal function]: Cms\Classes\CmsController->run('/')
#6 /Users/benjest/Documents/Personal/SJMA 2018/Website_october/sjma/vendor/laravel/framework/src/Illuminate/Routing/Controller.php(54): call_user_func_array(Array, Array)
#7 /Users/benjest/Documents/Personal/SJMA 2018/Website_october/sjma/vendor/laravel/framework/src/Illuminate/Routing/ControllerDispatcher.php(45): Illuminate\Routing\Controller->callAction('run', Array)
#8 /Users/benjest/Documents/Personal/SJMA 2018/Website_october/sjma/vendor/laravel/framework/src/Illuminate/Routing/Route.php(212): Illuminate\Routing\ControllerDispatcher->dispatch(Object(Illuminate\Routing\Route), Object(Cms\Classes\CmsController), 'run')
#9 /Users/benjest/Documents/Personal/SJMA 2018/Website_october/sjma/vendor/laravel/framework/src/Illuminate/Routing/Route.php(169): Illuminate\Routing\Route->runController()
#10 /Users/benjest/Documents/Personal/SJMA 2018/Website_october/sjma/vendor/laravel/framework/src/Illuminate/Routing/Router.php(658): Illuminate\Routing\Route->run()
#11 /Users/benjest/Documents/Personal/SJMA 2018/Website_october/sjma/vendor/laravel/framework/src/Illuminate/Routing/Pipeline.php(30): Illuminate\Routing\Router->Illuminate\Routing\{closure}(Object(Illuminate\Http\Request))
#12 /Users/benjest/Documents/Personal/SJMA 2018/Website_october/sjma/vendor/laravel/framework/src/Illuminate/Routing/Middleware/SubstituteBindings.php(41): Illuminate\Routing\Pipeline->Illuminate\Routing\{closure}(Object(Illuminate\Http\Request))
#13 /Users/benjest/Documents/Personal/SJMA 2018/Website_october/sjma/vendor/laravel/framework/src/Illuminate/Pipeline/Pipeline.php(149): Illuminate\Routing\Middleware\SubstituteBindings->handle(Object(Illuminate\Http\Request), Object(Closure))
#14 /Users/benjest/Documents/Personal/SJMA 2018/Website_october/sjma/vendor/laravel/framework/src/Illuminate/Routing/Pipeline.php(53): Illuminate\Pipeline\Pipeline->Illuminate\Pipeline\{closure}(Object(Illuminate\Http\Request))
#15 /Users/benjest/Documents/Personal/SJMA 2018/Website_october/sjma/vendor/laravel/framework/src/Illuminate/View/Middleware/ShareErrorsFromSession.php(49): Illuminate\Routing\Pipeline->Illuminate\Routing\{closure}(Object(Illuminate\Http\Request))
#16 /Users/benjest/Documents/Personal/SJMA 2018/Website_october/sjma/vendor/laravel/framework/src/Illuminate/Pipeline/Pipeline.php(149): Illuminate\View\Middleware\ShareErrorsFromSession->handle(Object(Illuminate\Http\Request), Object(Closure))
#17 /Users/benjest/Documents/Personal/SJMA 2018/Website_october/sjma/vendor/laravel/framework/src/Illuminate/Routing/Pipeline.php(53): Illuminate\Pipeline\Pipeline->Illuminate\Pipeline\{closure}(Object(Illuminate\Http\Request))
#18 /Users/benjest/Documents/Personal/SJMA 2018/Website_october/sjma/vendor/laravel/framework/src/Illuminate/Session/Middleware/StartSession.php(63): Illuminate\Routing\Pipeline->Illuminate\Routing\{closure}(Object(Illuminate\Http\Request))
#19 /Users/benjest/Documents/Personal/SJMA 2018/Website_october/sjma/vendor/laravel/framework/src/Illuminate/Pipeline/Pipeline.php(149): Illuminate\Session\Middleware\StartSession->handle(Object(Illuminate\Http\Request), Object(Closure))
#20 /Users/benjest/Documents/Personal/SJMA 2018/Website_october/sjma/vendor/laravel/framework/src/Illuminate/Routing/Pipeline.php(53): Illuminate\Pipeline\Pipeline->Illuminate\Pipeline\{closure}(Object(Illuminate\Http\Request))
#21 /Users/benjest/Documents/Personal/SJMA 2018/Website_october/sjma/vendor/laravel/framework/src/Illuminate/Cookie/Middleware/AddQueuedCookiesToResponse.php(37): Illuminate\Routing\Pipeline->Illuminate\Routing\{closure}(Object(Illuminate\Http\Request))
#22 /Users/benjest/Documents/Personal/SJMA 2018/Website_october/sjma/vendor/laravel/framework/src/Illuminate/Pipeline/Pipeline.php(149): Illuminate\Cookie\Middleware\AddQueuedCookiesToResponse->handle(Object(Illuminate\Http\Request), Object(Closure))
#23 /Users/benjest/Documents/Personal/SJMA 2018/Website_october/sjma/vendor/laravel/framework/src/Illuminate/Routing/Pipeline.php(53): Illuminate\Pipeline\Pipeline->Illuminate\Pipeline\{closure}(Object(Illuminate\Http\Request))
#24 /Users/benjest/Documents/Personal/SJMA 2018/Website_october/sjma/vendor/laravel/framework/src/Illuminate/Cookie/Middleware/EncryptCookies.php(66): Illuminate\Routing\Pipeline->Illuminate\Routing\{closure}(Object(Illuminate\Http\Request))
#25 /Users/benjest/Documents/Personal/SJMA 2018/Website_october/sjma/vendor/laravel/framework/src/Illuminate/Pipeline/Pipeline.php(149): Illuminate\Cookie\Middleware\EncryptCookies->handle(Object(Illuminate\Http\Request), Object(Closure))
#26 /Users/benjest/Documents/Personal/SJMA 2018/Website_october/sjma/vendor/laravel/framework/src/Illuminate/Routing/Pipeline.php(53): Illuminate\Pipeline\Pipeline->Illuminate\Pipeline\{closure}(Object(Illuminate\Http\Request))
#27 /Users/benjest/Documents/Personal/SJMA 2018/Website_october/sjma/vendor/laravel/framework/src/Illuminate/Pipeline/Pipeline.php(102): Illuminate\Routing\Pipeline->Illuminate\Routing\{closure}(Object(Illuminate\Http\Request))
#28 /Users/benjest/Documents/Personal/SJMA 2018/Website_october/sjma/vendor/laravel/framework/src/Illuminate/Routing/Router.php(660): Illuminate\Pipeline\Pipeline->then(Object(Closure))
#29 /Users/benjest/Documents/Personal/SJMA 2018/Website_october/sjma/vendor/laravel/framework/src/Illuminate/Routing/Router.php(635): Illuminate\Routing\Router->runRouteWithinStack(Object(Illuminate\Routing\Route), Object(Illuminate\Http\Request))
#30 /Users/benjest/Documents/Personal/SJMA 2018/Website_october/sjma/vendor/laravel/framework/src/Illuminate/Routing/Router.php(601): Illuminate\Routing\Router->runRoute(Object(Illuminate\Http\Request), Object(Illuminate\Routing\Route))
#31 /Users/benjest/Documents/Personal/SJMA 2018/Website_october/sjma/vendor/october/rain/src/Router/CoreRouter.php(20): Illuminate\Routing\Router->dispatchToRoute(Object(Illuminate\Http\Request))
#32 /Users/benjest/Documents/Personal/SJMA 2018/Website_october/sjma/vendor/laravel/framework/src/Illuminate/Foundation/Http/Kernel.php(176): October\Rain\Router\CoreRouter->dispatch(Object(Illuminate\Http\Request))
#33 /Users/benjest/Documents/Personal/SJMA 2018/Website_october/sjma/vendor/laravel/framework/src/Illuminate/Routing/Pipeline.php(30): Illuminate\Foundation\Http\Kernel->Illuminate\Foundation\Http\{closure}(Object(Illuminate\Http\Request))
#34 /Users/benjest/Documents/Personal/SJMA 2018/Website_october/sjma/vendor/laravel/framework/src/Illuminate/Foundation/Http/Middleware/CheckForMaintenanceMode.php(46): Illuminate\Routing\Pipeline->Illuminate\Routing\{closure}(Object(Illuminate\Http\Request))
#35 /Users/benjest/Documents/Personal/SJMA 2018/Website_october/sjma/vendor/laravel/framework/src/Illuminate/Pipeline/Pipeline.php(149): Illuminate\Foundation\Http\Middleware\CheckForMaintenanceMode->handle(Object(Illuminate\Http\Request), Object(Closure))
#36 /Users/benjest/Documents/Personal/SJMA 2018/Website_october/sjma/vendor/laravel/framework/src/Illuminate/Routing/Pipeline.php(53): Illuminate\Pipeline\Pipeline->Illuminate\Pipeline\{closure}(Object(Illuminate\Http\Request))
#37 /Users/benjest/Documents/Personal/SJMA 2018/Website_october/sjma/vendor/laravel/framework/src/Illuminate/Pipeline/Pipeline.php(102): Illuminate\Routing\Pipeline->Illuminate\Routing\{closure}(Object(Illuminate\Http\Request))
#38 /Users/benjest/Documents/Personal/SJMA 2018/Website_october/sjma/vendor/laravel/framework/src/Illuminate/Foundation/Http/Kernel.php(151): Illuminate\Pipeline\Pipeline->then(Object(Closure))
#39 /Users/benjest/Documents/Personal/SJMA 2018/Website_october/sjma/vendor/laravel/framework/src/Illuminate/Foundation/Http/Kernel.php(116): Illuminate\Foundation\Http\Kernel->sendRequestThroughRouter(Object(Illuminate\Http\Request))
#40 /Users/benjest/Documents/Personal/SJMA 2018/Website_october/sjma/index.php(43): Illuminate\Foundation\Http\Kernel->handle(Object(Illuminate\Http\Request))
#41 {main}  
[2018-12-02 00:10:17] development.ERROR: Cms\Classes\CmsException: The content file 'welcome.htm' is not found. in /Users/benjest/Documents/Personal/SJMA 2018/Website_october/sjma/modules/cms/Classes/Controller.php:978
Stack trace:
#0 /Users/benjest/Documents/Personal/SJMA 2018/Website_october/sjma/modules/cms/Twig/Extension.php(113): Cms\Classes\Controller->renderContent('welcome.htm', Array)
#1 /Users/benjest/Documents/Personal/SJMA 2018/Website_october/sjma/storage/cms/twig/b3/b393a3f6bba8b6affaf37567c00614d2e6896950215dd17672db17c15cbf1c92.php(28): Cms\Twig\Extension->contentFunction('welcome.htm', Array)
#2 /Users/benjest/Documents/Personal/SJMA 2018/Website_october/sjma/vendor/twig/twig/lib/Twig/Template.php(390): __TwigTemplate_fa877856451b37d2c831c3b02fffff1c78c3b63581550dc5ade38eea9a4ee298->doDisplay(Array, Array)
#3 /Users/benjest/Documents/Personal/SJMA 2018/Website_october/sjma/vendor/twig/twig/lib/Twig/Template.php(367): Twig_Template->displayWithErrorHandling(Array, Array)
#4 /Users/benjest/Documents/Personal/SJMA 2018/Website_october/sjma/vendor/twig/twig/lib/Twig/Template.php(375): Twig_Template->display(Array)
#5 /Users/benjest/Documents/Personal/SJMA 2018/Website_october/sjma/modules/cms/Classes/Controller.php(360): Twig_Template->render(Array)
#6 /Users/benjest/Documents/Personal/SJMA 2018/Website_october/sjma/modules/cms/Classes/Controller.php(206): Cms\Classes\Controller->runPage(Object(Cms\Classes\Page))
#7 /Users/benjest/Documents/Personal/SJMA 2018/Website_october/sjma/modules/cms/Classes/CmsController.php(50): Cms\Classes\Controller->run('/')
#8 [internal function]: Cms\Classes\CmsController->run('/')
#9 /Users/benjest/Documents/Personal/SJMA 2018/Website_october/sjma/vendor/laravel/framework/src/Illuminate/Routing/Controller.php(54): call_user_func_array(Array, Array)
#10 /Users/benjest/Documents/Personal/SJMA 2018/Website_october/sjma/vendor/laravel/framework/src/Illuminate/Routing/ControllerDispatcher.php(45): Illuminate\Routing\Controller->callAction('run', Array)
#11 /Users/benjest/Documents/Personal/SJMA 2018/Website_october/sjma/vendor/laravel/framework/src/Illuminate/Routing/Route.php(212): Illuminate\Routing\ControllerDispatcher->dispatch(Object(Illuminate\Routing\Route), Object(Cms\Classes\CmsController), 'run')
#12 /Users/benjest/Documents/Personal/SJMA 2018/Website_october/sjma/vendor/laravel/framework/src/Illuminate/Routing/Route.php(169): Illuminate\Routing\Route->runController()
#13 /Users/benjest/Documents/Personal/SJMA 2018/Website_october/sjma/vendor/laravel/framework/src/Illuminate/Routing/Router.php(658): Illuminate\Routing\Route->run()
#14 /Users/benjest/Documents/Personal/SJMA 2018/Website_october/sjma/vendor/laravel/framework/src/Illuminate/Routing/Pipeline.php(30): Illuminate\Routing\Router->Illuminate\Routing\{closure}(Object(Illuminate\Http\Request))
#15 /Users/benjest/Documents/Personal/SJMA 2018/Website_october/sjma/vendor/laravel/framework/src/Illuminate/Routing/Middleware/SubstituteBindings.php(41): Illuminate\Routing\Pipeline->Illuminate\Routing\{closure}(Object(Illuminate\Http\Request))
#16 /Users/benjest/Documents/Personal/SJMA 2018/Website_october/sjma/vendor/laravel/framework/src/Illuminate/Pipeline/Pipeline.php(149): Illuminate\Routing\Middleware\SubstituteBindings->handle(Object(Illuminate\Http\Request), Object(Closure))
#17 /Users/benjest/Documents/Personal/SJMA 2018/Website_october/sjma/vendor/laravel/framework/src/Illuminate/Routing/Pipeline.php(53): Illuminate\Pipeline\Pipeline->Illuminate\Pipeline\{closure}(Object(Illuminate\Http\Request))
#18 /Users/benjest/Documents/Personal/SJMA 2018/Website_october/sjma/vendor/laravel/framework/src/Illuminate/View/Middleware/ShareErrorsFromSession.php(49): Illuminate\Routing\Pipeline->Illuminate\Routing\{closure}(Object(Illuminate\Http\Request))
#19 /Users/benjest/Documents/Personal/SJMA 2018/Website_october/sjma/vendor/laravel/framework/src/Illuminate/Pipeline/Pipeline.php(149): Illuminate\View\Middleware\ShareErrorsFromSession->handle(Object(Illuminate\Http\Request), Object(Closure))
#20 /Users/benjest/Documents/Personal/SJMA 2018/Website_october/sjma/vendor/laravel/framework/src/Illuminate/Routing/Pipeline.php(53): Illuminate\Pipeline\Pipeline->Illuminate\Pipeline\{closure}(Object(Illuminate\Http\Request))
#21 /Users/benjest/Documents/Personal/SJMA 2018/Website_october/sjma/vendor/laravel/framework/src/Illuminate/Session/Middleware/StartSession.php(63): Illuminate\Routing\Pipeline->Illuminate\Routing\{closure}(Object(Illuminate\Http\Request))
#22 /Users/benjest/Documents/Personal/SJMA 2018/Website_october/sjma/vendor/laravel/framework/src/Illuminate/Pipeline/Pipeline.php(149): Illuminate\Session\Middleware\StartSession->handle(Object(Illuminate\Http\Request), Object(Closure))
#23 /Users/benjest/Documents/Personal/SJMA 2018/Website_october/sjma/vendor/laravel/framework/src/Illuminate/Routing/Pipeline.php(53): Illuminate\Pipeline\Pipeline->Illuminate\Pipeline\{closure}(Object(Illuminate\Http\Request))
#24 /Users/benjest/Documents/Personal/SJMA 2018/Website_october/sjma/vendor/laravel/framework/src/Illuminate/Cookie/Middleware/AddQueuedCookiesToResponse.php(37): Illuminate\Routing\Pipeline->Illuminate\Routing\{closure}(Object(Illuminate\Http\Request))
#25 /Users/benjest/Documents/Personal/SJMA 2018/Website_october/sjma/vendor/laravel/framework/src/Illuminate/Pipeline/Pipeline.php(149): Illuminate\Cookie\Middleware\AddQueuedCookiesToResponse->handle(Object(Illuminate\Http\Request), Object(Closure))
#26 /Users/benjest/Documents/Personal/SJMA 2018/Website_october/sjma/vendor/laravel/framework/src/Illuminate/Routing/Pipeline.php(53): Illuminate\Pipeline\Pipeline->Illuminate\Pipeline\{closure}(Object(Illuminate\Http\Request))
#27 /Users/benjest/Documents/Personal/SJMA 2018/Website_october/sjma/vendor/laravel/framework/src/Illuminate/Cookie/Middleware/EncryptCookies.php(66): Illuminate\Routing\Pipeline->Illuminate\Routing\{closure}(Object(Illuminate\Http\Request))
#28 /Users/benjest/Documents/Personal/SJMA 2018/Website_october/sjma/vendor/laravel/framework/src/Illuminate/Pipeline/Pipeline.php(149): Illuminate\Cookie\Middleware\EncryptCookies->handle(Object(Illuminate\Http\Request), Object(Closure))
#29 /Users/benjest/Documents/Personal/SJMA 2018/Website_october/sjma/vendor/laravel/framework/src/Illuminate/Routing/Pipeline.php(53): Illuminate\Pipeline\Pipeline->Illuminate\Pipeline\{closure}(Object(Illuminate\Http\Request))
#30 /Users/benjest/Documents/Personal/SJMA 2018/Website_october/sjma/vendor/laravel/framework/src/Illuminate/Pipeline/Pipeline.php(102): Illuminate\Routing\Pipeline->Illuminate\Routing\{closure}(Object(Illuminate\Http\Request))
#31 /Users/benjest/Documents/Personal/SJMA 2018/Website_october/sjma/vendor/laravel/framework/src/Illuminate/Routing/Router.php(660): Illuminate\Pipeline\Pipeline->then(Object(Closure))
#32 /Users/benjest/Documents/Personal/SJMA 2018/Website_october/sjma/vendor/laravel/framework/src/Illuminate/Routing/Router.php(635): Illuminate\Routing\Router->runRouteWithinStack(Object(Illuminate\Routing\Route), Object(Illuminate\Http\Request))
#33 /Users/benjest/Documents/Personal/SJMA 2018/Website_october/sjma/vendor/laravel/framework/src/Illuminate/Routing/Router.php(601): Illuminate\Routing\Router->runRoute(Object(Illuminate\Http\Request), Object(Illuminate\Routing\Route))
#34 /Users/benjest/Documents/Personal/SJMA 2018/Website_october/sjma/vendor/october/rain/src/Router/CoreRouter.php(20): Illuminate\Routing\Router->dispatchToRoute(Object(Illuminate\Http\Request))
#35 /Users/benjest/Documents/Personal/SJMA 2018/Website_october/sjma/vendor/laravel/framework/src/Illuminate/Foundation/Http/Kernel.php(176): October\Rain\Router\CoreRouter->dispatch(Object(Illuminate\Http\Request))
#36 /Users/benjest/Documents/Personal/SJMA 2018/Website_october/sjma/vendor/laravel/framework/src/Illuminate/Routing/Pipeline.php(30): Illuminate\Foundation\Http\Kernel->Illuminate\Foundation\Http\{closure}(Object(Illuminate\Http\Request))
#37 /Users/benjest/Documents/Personal/SJMA 2018/Website_october/sjma/vendor/laravel/framework/src/Illuminate/Foundation/Http/Middleware/CheckForMaintenanceMode.php(46): Illuminate\Routing\Pipeline->Illuminate\Routing\{closure}(Object(Illuminate\Http\Request))
#38 /Users/benjest/Documents/Personal/SJMA 2018/Website_october/sjma/vendor/laravel/framework/src/Illuminate/Pipeline/Pipeline.php(149): Illuminate\Foundation\Http\Middleware\CheckForMaintenanceMode->handle(Object(Illuminate\Http\Request), Object(Closure))
#39 /Users/benjest/Documents/Personal/SJMA 2018/Website_october/sjma/vendor/laravel/framework/src/Illuminate/Routing/Pipeline.php(53): Illuminate\Pipeline\Pipeline->Illuminate\Pipeline\{closure}(Object(Illuminate\Http\Request))
#40 /Users/benjest/Documents/Personal/SJMA 2018/Website_october/sjma/vendor/laravel/framework/src/Illuminate/Pipeline/Pipeline.php(102): Illuminate\Routing\Pipeline->Illuminate\Routing\{closure}(Object(Illuminate\Http\Request))
#41 /Users/benjest/Documents/Personal/SJMA 2018/Website_october/sjma/vendor/laravel/framework/src/Illuminate/Foundation/Http/Kernel.php(151): Illuminate\Pipeline\Pipeline->then(Object(Closure))
#42 /Users/benjest/Documents/Personal/SJMA 2018/Website_october/sjma/vendor/laravel/framework/src/Illuminate/Foundation/Http/Kernel.php(116): Illuminate\Foundation\Http\Kernel->sendRequestThroughRouter(Object(Illuminate\Http\Request))
#43 /Users/benjest/Documents/Personal/SJMA 2018/Website_october/sjma/index.php(43): Illuminate\Foundation\Http\Kernel->handle(Object(Illuminate\Http\Request))
#44 {main}

Next Twig_Error_Runtime: An exception has been thrown during the rendering of a template ("The content file 'welcome.htm' is not found.") in "/Users/benjest/Documents/Personal/SJMA 2018/Website_october/sjma/themes/sjma/pages/home.htm" at line 3. in /Users/benjest/Documents/Personal/SJMA 2018/Website_october/sjma/vendor/twig/twig/lib/Twig/Template.php:405
Stack trace:
#0 /Users/benjest/Documents/Personal/SJMA 2018/Website_october/sjma/vendor/twig/twig/lib/Twig/Template.php(367): Twig_Template->displayWithErrorHandling(Array, Array)
#1 /Users/benjest/Documents/Personal/SJMA 2018/Website_october/sjma/vendor/twig/twig/lib/Twig/Template.php(375): Twig_Template->display(Array)
#2 /Users/benjest/Documents/Personal/SJMA 2018/Website_october/sjma/modules/cms/Classes/Controller.php(360): Twig_Template->render(Array)
#3 /Users/benjest/Documents/Personal/SJMA 2018/Website_october/sjma/modules/cms/Classes/Controller.php(206): Cms\Classes\Controller->runPage(Object(Cms\Classes\Page))
#4 /Users/benjest/Documents/Personal/SJMA 2018/Website_october/sjma/modules/cms/Classes/CmsController.php(50): Cms\Classes\Controller->run('/')
#5 [internal function]: Cms\Classes\CmsController->run('/')
#6 /Users/benjest/Documents/Personal/SJMA 2018/Website_october/sjma/vendor/laravel/framework/src/Illuminate/Routing/Controller.php(54): call_user_func_array(Array, Array)
#7 /Users/benjest/Documents/Personal/SJMA 2018/Website_october/sjma/vendor/laravel/framework/src/Illuminate/Routing/ControllerDispatcher.php(45): Illuminate\Routing\Controller->callAction('run', Array)
#8 /Users/benjest/Documents/Personal/SJMA 2018/Website_october/sjma/vendor/laravel/framework/src/Illuminate/Routing/Route.php(212): Illuminate\Routing\ControllerDispatcher->dispatch(Object(Illuminate\Routing\Route), Object(Cms\Classes\CmsController), 'run')
#9 /Users/benjest/Documents/Personal/SJMA 2018/Website_october/sjma/vendor/laravel/framework/src/Illuminate/Routing/Route.php(169): Illuminate\Routing\Route->runController()
#10 /Users/benjest/Documents/Personal/SJMA 2018/Website_october/sjma/vendor/laravel/framework/src/Illuminate/Routing/Router.php(658): Illuminate\Routing\Route->run()
#11 /Users/benjest/Documents/Personal/SJMA 2018/Website_october/sjma/vendor/laravel/framework/src/Illuminate/Routing/Pipeline.php(30): Illuminate\Routing\Router->Illuminate\Routing\{closure}(Object(Illuminate\Http\Request))
#12 /Users/benjest/Documents/Personal/SJMA 2018/Website_october/sjma/vendor/laravel/framework/src/Illuminate/Routing/Middleware/SubstituteBindings.php(41): Illuminate\Routing\Pipeline->Illuminate\Routing\{closure}(Object(Illuminate\Http\Request))
#13 /Users/benjest/Documents/Personal/SJMA 2018/Website_october/sjma/vendor/laravel/framework/src/Illuminate/Pipeline/Pipeline.php(149): Illuminate\Routing\Middleware\SubstituteBindings->handle(Object(Illuminate\Http\Request), Object(Closure))
#14 /Users/benjest/Documents/Personal/SJMA 2018/Website_october/sjma/vendor/laravel/framework/src/Illuminate/Routing/Pipeline.php(53): Illuminate\Pipeline\Pipeline->Illuminate\Pipeline\{closure}(Object(Illuminate\Http\Request))
#15 /Users/benjest/Documents/Personal/SJMA 2018/Website_october/sjma/vendor/laravel/framework/src/Illuminate/View/Middleware/ShareErrorsFromSession.php(49): Illuminate\Routing\Pipeline->Illuminate\Routing\{closure}(Object(Illuminate\Http\Request))
#16 /Users/benjest/Documents/Personal/SJMA 2018/Website_october/sjma/vendor/laravel/framework/src/Illuminate/Pipeline/Pipeline.php(149): Illuminate\View\Middleware\ShareErrorsFromSession->handle(Object(Illuminate\Http\Request), Object(Closure))
#17 /Users/benjest/Documents/Personal/SJMA 2018/Website_october/sjma/vendor/laravel/framework/src/Illuminate/Routing/Pipeline.php(53): Illuminate\Pipeline\Pipeline->Illuminate\Pipeline\{closure}(Object(Illuminate\Http\Request))
#18 /Users/benjest/Documents/Personal/SJMA 2018/Website_october/sjma/vendor/laravel/framework/src/Illuminate/Session/Middleware/StartSession.php(63): Illuminate\Routing\Pipeline->Illuminate\Routing\{closure}(Object(Illuminate\Http\Request))
#19 /Users/benjest/Documents/Personal/SJMA 2018/Website_october/sjma/vendor/laravel/framework/src/Illuminate/Pipeline/Pipeline.php(149): Illuminate\Session\Middleware\StartSession->handle(Object(Illuminate\Http\Request), Object(Closure))
#20 /Users/benjest/Documents/Personal/SJMA 2018/Website_october/sjma/vendor/laravel/framework/src/Illuminate/Routing/Pipeline.php(53): Illuminate\Pipeline\Pipeline->Illuminate\Pipeline\{closure}(Object(Illuminate\Http\Request))
#21 /Users/benjest/Documents/Personal/SJMA 2018/Website_october/sjma/vendor/laravel/framework/src/Illuminate/Cookie/Middleware/AddQueuedCookiesToResponse.php(37): Illuminate\Routing\Pipeline->Illuminate\Routing\{closure}(Object(Illuminate\Http\Request))
#22 /Users/benjest/Documents/Personal/SJMA 2018/Website_october/sjma/vendor/laravel/framework/src/Illuminate/Pipeline/Pipeline.php(149): Illuminate\Cookie\Middleware\AddQueuedCookiesToResponse->handle(Object(Illuminate\Http\Request), Object(Closure))
#23 /Users/benjest/Documents/Personal/SJMA 2018/Website_october/sjma/vendor/laravel/framework/src/Illuminate/Routing/Pipeline.php(53): Illuminate\Pipeline\Pipeline->Illuminate\Pipeline\{closure}(Object(Illuminate\Http\Request))
#24 /Users/benjest/Documents/Personal/SJMA 2018/Website_october/sjma/vendor/laravel/framework/src/Illuminate/Cookie/Middleware/EncryptCookies.php(66): Illuminate\Routing\Pipeline->Illuminate\Routing\{closure}(Object(Illuminate\Http\Request))
#25 /Users/benjest/Documents/Personal/SJMA 2018/Website_october/sjma/vendor/laravel/framework/src/Illuminate/Pipeline/Pipeline.php(149): Illuminate\Cookie\Middleware\EncryptCookies->handle(Object(Illuminate\Http\Request), Object(Closure))
#26 /Users/benjest/Documents/Personal/SJMA 2018/Website_october/sjma/vendor/laravel/framework/src/Illuminate/Routing/Pipeline.php(53): Illuminate\Pipeline\Pipeline->Illuminate\Pipeline\{closure}(Object(Illuminate\Http\Request))
#27 /Users/benjest/Documents/Personal/SJMA 2018/Website_october/sjma/vendor/laravel/framework/src/Illuminate/Pipeline/Pipeline.php(102): Illuminate\Routing\Pipeline->Illuminate\Routing\{closure}(Object(Illuminate\Http\Request))
#28 /Users/benjest/Documents/Personal/SJMA 2018/Website_october/sjma/vendor/laravel/framework/src/Illuminate/Routing/Router.php(660): Illuminate\Pipeline\Pipeline->then(Object(Closure))
#29 /Users/benjest/Documents/Personal/SJMA 2018/Website_october/sjma/vendor/laravel/framework/src/Illuminate/Routing/Router.php(635): Illuminate\Routing\Router->runRouteWithinStack(Object(Illuminate\Routing\Route), Object(Illuminate\Http\Request))
#30 /Users/benjest/Documents/Personal/SJMA 2018/Website_october/sjma/vendor/laravel/framework/src/Illuminate/Routing/Router.php(601): Illuminate\Routing\Router->runRoute(Object(Illuminate\Http\Request), Object(Illuminate\Routing\Route))
#31 /Users/benjest/Documents/Personal/SJMA 2018/Website_october/sjma/vendor/october/rain/src/Router/CoreRouter.php(20): Illuminate\Routing\Router->dispatchToRoute(Object(Illuminate\Http\Request))
#32 /Users/benjest/Documents/Personal/SJMA 2018/Website_october/sjma/vendor/laravel/framework/src/Illuminate/Foundation/Http/Kernel.php(176): October\Rain\Router\CoreRouter->dispatch(Object(Illuminate\Http\Request))
#33 /Users/benjest/Documents/Personal/SJMA 2018/Website_october/sjma/vendor/laravel/framework/src/Illuminate/Routing/Pipeline.php(30): Illuminate\Foundation\Http\Kernel->Illuminate\Foundation\Http\{closure}(Object(Illuminate\Http\Request))
#34 /Users/benjest/Documents/Personal/SJMA 2018/Website_october/sjma/vendor/laravel/framework/src/Illuminate/Foundation/Http/Middleware/CheckForMaintenanceMode.php(46): Illuminate\Routing\Pipeline->Illuminate\Routing\{closure}(Object(Illuminate\Http\Request))
#35 /Users/benjest/Documents/Personal/SJMA 2018/Website_october/sjma/vendor/laravel/framework/src/Illuminate/Pipeline/Pipeline.php(149): Illuminate\Foundation\Http\Middleware\CheckForMaintenanceMode->handle(Object(Illuminate\Http\Request), Object(Closure))
#36 /Users/benjest/Documents/Personal/SJMA 2018/Website_october/sjma/vendor/laravel/framework/src/Illuminate/Routing/Pipeline.php(53): Illuminate\Pipeline\Pipeline->Illuminate\Pipeline\{closure}(Object(Illuminate\Http\Request))
#37 /Users/benjest/Documents/Personal/SJMA 2018/Website_october/sjma/vendor/laravel/framework/src/Illuminate/Pipeline/Pipeline.php(102): Illuminate\Routing\Pipeline->Illuminate\Routing\{closure}(Object(Illuminate\Http\Request))
#38 /Users/benjest/Documents/Personal/SJMA 2018/Website_october/sjma/vendor/laravel/framework/src/Illuminate/Foundation/Http/Kernel.php(151): Illuminate\Pipeline\Pipeline->then(Object(Closure))
#39 /Users/benjest/Documents/Personal/SJMA 2018/Website_october/sjma/vendor/laravel/framework/src/Illuminate/Foundation/Http/Kernel.php(116): Illuminate\Foundation\Http\Kernel->sendRequestThroughRouter(Object(Illuminate\Http\Request))
#40 /Users/benjest/Documents/Personal/SJMA 2018/Website_october/sjma/index.php(43): Illuminate\Foundation\Http\Kernel->handle(Object(Illuminate\Http\Request))
#41 {main}  
