.====================================================================.
                                                                      
 .d8888b.   .o8888b.   db  .d8888b.  d8888b. d88888b d8888b.  .d888b. 
.8P    Y8. d8P    Y8   88 .8P    Y8. 88  `8D 88'     88  `8D .8P , Y8.
88      88 8P      oooo88 88      88 88oooY' 88oooo  88oobY' 88  |  88
88      88 8b      ~~~~88 88      88 88~~~b. 88~~~~  88`8b   88  |/ 88
`8b    d8' Y8b    d8   88 `8b    d8' 88   8D 88.     88 `88. `8b | d8'
 `Y8888P'   `Y8888P'   YP  `Y8888P'  Y8888P' Y88888P 88   YD  `Y888P' 
                                                                      
`========================== INSTALLATION LOG ========================'

[2018/12/01 10:01:29] Host: Darwin bens-MBP.Home 17.7.0 Darwin Kernel Version 17.7.0: Thu Jun 21 22:53:14 PDT 2018; root:xnu-4570.71.2~1/RELEASE_X86_64 x86_64
[2018/12/01 10:01:29] PHP version: 7.2.10
[2018/12/01 10:01:29] Server software: Apache/2.2.34 (Unix) mod_wsgi/3.5 Python/2.7.13 PHP/7.2.10 mod_ssl/2.2.34 OpenSSL/1.0.2o DAV/2 mod_fastcgi/mod_fastcgi-SNAP-0910052141 mod_perl/2.0.9 Perl/v5.24.0
[2018/12/01 10:01:29] Operating system: Darwin
[2018/12/01 10:01:29] Memory limit: 128M
[2018/12/01 10:01:29] Max execution time: 3600
.============================ POST REQUEST ==========================.
[2018/12/01 10:01:29] Postback payload: Array
(
    [code] => phpVersion
    [handler] => onCheckRequirement
)

[2018/12/01 10:01:29] System check: phpVersion
[2018/12/01 10:01:29] Requirement phpVersion +OK
[2018/12/01 10:01:29] Execute handler (onCheckRequirement): Array
(
    [result] => 1
)

.============================ POST REQUEST ==========================.
[2018/12/01 10:01:30] Postback payload: Array
(
    [code] => curlLibrary
    [handler] => onCheckRequirement
)

[2018/12/01 10:01:30] System check: curlLibrary
[2018/12/01 10:01:30] Requirement curlLibrary +OK
[2018/12/01 10:01:30] Execute handler (onCheckRequirement): Array
(
    [result] => 1
)

.============================ POST REQUEST ==========================.
[2018/12/01 10:01:30] Postback payload: Array
(
    [code] => liveConnection
    [handler] => onCheckRequirement
)

[2018/12/01 10:01:30] System check: liveConnection
[2018/12/01 10:01:31] Server request: ping
[2018/12/01 10:01:31] Request information: Array
(
    [url] => http://octobercms.com/api/ping
    [content_type] => application/json
    [http_code] => 200
    [header_size] => 361
    [request_size] => 191
    [filetime] => -1
    [ssl_verify_result] => 0
    [redirect_count] => 0
    [total_time] => 0.492727
    [namelookup_time] => 0.014437
    [connect_time] => 0.05216
    [pretransfer_time] => 0.052238
    [size_upload] => 60
    [size_download] => 12
    [speed_download] => 24
    [speed_upload] => 121
    [download_content_length] => 12
    [upload_content_length] => 60
    [starttransfer_time] => 0.492649
    [redirect_time] => 0
    [redirect_url] => 
    [primary_ip] => 104.24.112.12
    [certinfo] => Array
        (
        )

    [primary_port] => 80
    [local_ip] => 192.168.1.85
    [local_port] => 50105
)

[2018/12/01 10:01:31] Requirement liveConnection +OK
[2018/12/01 10:01:31] Execute handler (onCheckRequirement): Array
(
    [result] => 1
)

.============================ POST REQUEST ==========================.
[2018/12/01 10:01:31] Postback payload: Array
(
    [code] => writePermission
    [handler] => onCheckRequirement
)

[2018/12/01 10:01:31] System check: writePermission
[2018/12/01 10:01:31] Requirement writePermission +OK
[2018/12/01 10:01:31] Execute handler (onCheckRequirement): Array
(
    [result] => 1
)

.============================ POST REQUEST ==========================.
[2018/12/01 10:01:32] Postback payload: Array
(
    [code] => pdoLibrary
    [handler] => onCheckRequirement
)

[2018/12/01 10:01:32] System check: pdoLibrary
[2018/12/01 10:01:32] Requirement pdoLibrary +OK
[2018/12/01 10:01:32] Execute handler (onCheckRequirement): Array
(
    [result] => 1
)

.============================ POST REQUEST ==========================.
[2018/12/01 10:01:33] Postback payload: Array
(
    [code] => mbstringLibrary
    [handler] => onCheckRequirement
)

[2018/12/01 10:01:33] System check: mbstringLibrary
[2018/12/01 10:01:33] Requirement mbstringLibrary +OK
[2018/12/01 10:01:33] Execute handler (onCheckRequirement): Array
(
    [result] => 1
)

.============================ POST REQUEST ==========================.
[2018/12/01 10:01:33] Postback payload: Array
(
    [code] => fileinfoLibrary
    [handler] => onCheckRequirement
)

[2018/12/01 10:01:33] System check: fileinfoLibrary
[2018/12/01 10:01:33] Requirement fileinfoLibrary +OK
[2018/12/01 10:01:33] Execute handler (onCheckRequirement): Array
(
    [result] => 1
)

.============================ POST REQUEST ==========================.
[2018/12/01 10:01:34] Postback payload: Array
(
    [code] => sslLibrary
    [handler] => onCheckRequirement
)

[2018/12/01 10:01:34] System check: sslLibrary
[2018/12/01 10:01:34] Requirement sslLibrary +OK
[2018/12/01 10:01:34] Execute handler (onCheckRequirement): Array
(
    [result] => 1
)

.============================ POST REQUEST ==========================.
[2018/12/01 10:01:34] Postback payload: Array
(
    [code] => zipLibrary
    [handler] => onCheckRequirement
)

[2018/12/01 10:01:34] System check: zipLibrary
[2018/12/01 10:01:34] Requirement zipLibrary +OK
[2018/12/01 10:01:34] Execute handler (onCheckRequirement): Array
(
    [result] => 1
)

.============================ POST REQUEST ==========================.
[2018/12/01 10:01:35] Postback payload: Array
(
    [code] => gdLibrary
    [handler] => onCheckRequirement
)

[2018/12/01 10:01:35] System check: gdLibrary
[2018/12/01 10:01:35] Requirement gdLibrary +OK
[2018/12/01 10:01:35] Execute handler (onCheckRequirement): Array
(
    [result] => 1
)

.============================ POST REQUEST ==========================.
[2018/12/01 10:08:29] Postback payload: Array
(
    [db_type] => mysql
    [db_host] => host
    [db_port] => 
    [db_name] => sjma_db
    [db_user] => sjma_user
    [db_pass] => *******
    [admin_first_name] => Sarah
    [admin_last_name] => Jest
    [admin_email] => *******@*****.com
    [admin_login] => admin
    [admin_password] => *******
    [admin_confirm_password] => *******
    [backend_uri] => /backend
    [encryption_code] => *******
    [file_mask] => 777
    [folder_mask] => 777
    [handler] => onValidateDatabase
)

[2018/12/01 10:08:29] Handler error (onValidateDatabase): Connection failed: SQLSTATE[HY000] [2002] php_network_getaddresses: getaddrinfo failed: nodename nor servname provided, or not known
[2018/12/01 10:08:29] Trace log:
#0 /Users/benjest/Documents/Personal/SJMA 2018/Website_october/install-master/install_files/php/Installer.php(48): Installer->onValidateDatabase()
#1 /Users/benjest/Documents/Personal/SJMA 2018/Website_october/install-master/install_files/php/boot.php(91): Installer->__construct()
#2 /Users/benjest/Documents/Personal/SJMA 2018/Website_october/install-master/install.php(1): include('/Users/benjest/...')
#3 {main}
.============================ POST REQUEST ==========================.
[2018/12/01 10:14:22] Postback payload: Array
(
    [db_type] => mysql
    [db_host] => host
    [db_port] => 
    [db_name] => sjma_db
    [db_user] => sjma_user
    [db_pass] => *******
    [admin_first_name] => Sarah
    [admin_last_name] => Jest
    [admin_email] => *******@*****.com
    [admin_login] => admin
    [admin_password] => *******
    [admin_confirm_password] => *******
    [backend_uri] => /backend
    [encryption_code] => *******
    [file_mask] => 777
    [folder_mask] => 777
    [handler] => onValidateDatabase
)

[2018/12/01 10:14:22] Handler error (onValidateDatabase): Connection failed: SQLSTATE[HY000] [2002] php_network_getaddresses: getaddrinfo failed: nodename nor servname provided, or not known
[2018/12/01 10:14:22] Trace log:
#0 /Users/benjest/Documents/Personal/SJMA 2018/Website_october/install-master/install_files/php/Installer.php(48): Installer->onValidateDatabase()
#1 /Users/benjest/Documents/Personal/SJMA 2018/Website_october/install-master/install_files/php/boot.php(91): Installer->__construct()
#2 /Users/benjest/Documents/Personal/SJMA 2018/Website_october/install-master/install.php(1): include('/Users/benjest/...')
#3 {main}
.============================ POST REQUEST ==========================.
[2018/12/01 10:15:17] Postback payload: Array
(
    [db_type] => mysql
    [db_host] => host
    [db_port] => 
    [db_name] => sjma_db
    [db_user] => sjma_user
    [db_pass] => *******
    [admin_first_name] => Sarah
    [admin_last_name] => Jest
    [admin_email] => *******@*****.com
    [admin_login] => admin
    [admin_password] => *******
    [admin_confirm_password] => *******
    [backend_uri] => /backend
    [encryption_code] => *******
    [file_mask] => 777
    [folder_mask] => 777
    [handler] => onValidateDatabase
)

[2018/12/01 10:15:17] Handler error (onValidateDatabase): Connection failed: SQLSTATE[HY000] [2002] php_network_getaddresses: getaddrinfo failed: nodename nor servname provided, or not known
[2018/12/01 10:15:17] Trace log:
#0 /Users/benjest/Documents/Personal/SJMA 2018/Website_october/install-master/install_files/php/Installer.php(48): Installer->onValidateDatabase()
#1 /Users/benjest/Documents/Personal/SJMA 2018/Website_october/install-master/install_files/php/boot.php(91): Installer->__construct()
#2 /Users/benjest/Documents/Personal/SJMA 2018/Website_october/install-master/install.php(1): include('/Users/benjest/...')
#3 {main}
.============================ POST REQUEST ==========================.
[2018/12/01 10:19:37] Postback payload: Array
(
    [db_type] => mysql
    [db_host] => localhost
    [db_port] => 
    [db_name] => sjma_db
    [db_user] => sjma_user
    [db_pass] => *******
    [admin_first_name] => Sarah
    [admin_last_name] => Jest
    [admin_email] => *******@*****.com
    [admin_login] => admin
    [admin_password] => *******
    [admin_confirm_password] => *******
    [backend_uri] => /backend
    [encryption_code] => *******
    [file_mask] => 777
    [folder_mask] => 777
    [handler] => onValidateDatabase
)

.============================ POST REQUEST ==========================.
[2018/12/01 10:19:37] Postback payload: Array
(
    [db_type] => mysql
    [db_host] => localhost
    [db_port] => 
    [db_name] => sjma_db
    [db_user] => sjma_user
    [db_pass] => *******
    [admin_first_name] => Sarah
    [admin_last_name] => Jest
    [admin_email] => *******@*****.com
    [admin_login] => admin
    [admin_password] => *******
    [admin_confirm_password] => *******
    [backend_uri] => /backend
    [encryption_code] => *******
    [file_mask] => 777
    [folder_mask] => 777
    [handler] => onValidateAdminAccount
)

.============================ POST REQUEST ==========================.
[2018/12/01 10:19:37] Postback payload: Array
(
    [db_type] => mysql
    [db_host] => localhost
    [db_port] => 
    [db_name] => sjma_db
    [db_user] => sjma_user
    [db_pass] => *******
    [admin_first_name] => Sarah
    [admin_last_name] => Jest
    [admin_email] => *******@*****.com
    [admin_login] => admin
    [admin_password] => *******
    [admin_confirm_password] => *******
    [backend_uri] => /backend
    [encryption_code] => *******
    [file_mask] => 777
    [folder_mask] => 777
    [handler] => onValidateAdvancedConfig
)

.============================ POST REQUEST ==========================.
[2018/12/01 10:20:28] Postback payload: Array
(
    [handler] => onGetPopularPlugins
)

.============================ POST REQUEST ==========================.
[2018/12/01 10:20:28] Postback payload: Array
(
    [handler] => onGetPopularThemes
)

[2018/12/01 10:20:29] Server request: plugin/popular
[2018/12/01 10:20:29] Server request: theme/popular
[2018/12/01 10:20:29] Request information: Array
(
    [url] => http://octobercms.com/api/theme/popular
    [content_type] => application/json
    [http_code] => 200
    [header_size] => 363
    [request_size] => 200
    [filetime] => -1
    [ssl_verify_result] => 0
    [redirect_count] => 0
    [total_time] => 0.561826
    [namelookup_time] => 0.013599
    [connect_time] => 0.055613
    [pretransfer_time] => 0.055676
    [size_upload] => 60
    [size_download] => 3875
    [speed_download] => 6907
    [speed_upload] => 106
    [download_content_length] => 3875
    [upload_content_length] => 60
    [starttransfer_time] => 0.561768
    [redirect_time] => 0
    [redirect_url] => 
    [primary_ip] => 104.24.112.12
    [certinfo] => Array
        (
        )

    [primary_port] => 80
    [local_ip] => 192.168.1.85
    [local_port] => 51191
)

[2018/12/01 10:20:29] Request information: Array
(
    [url] => http://octobercms.com/api/plugin/popular
    [content_type] => application/json
    [http_code] => 200
    [header_size] => 363
    [request_size] => 201
    [filetime] => -1
    [ssl_verify_result] => 0
    [redirect_count] => 0
    [total_time] => 0.564543
    [namelookup_time] => 0.014304
    [connect_time] => 0.051578
    [pretransfer_time] => 0.051667
    [size_upload] => 60
    [size_download] => 3232
    [speed_download] => 5730
    [speed_upload] => 106
    [download_content_length] => 3232
    [upload_content_length] => 60
    [starttransfer_time] => 0.564477
    [redirect_time] => 0
    [redirect_url] => 
    [primary_ip] => 104.24.112.12
    [certinfo] => Array
        (
        )

    [primary_port] => 80
    [local_ip] => 192.168.1.85
    [local_port] => 51190
)

[2018/12/01 10:20:29] Execute handler (onGetPopularPlugins): Array
(
    [0] => Array
        (
            [name] => Redirect
            [description] => Manage all your HTTP redirects with an easy to use GUI. This is an essential SEO plugin.
            [code] => Vdlp.Redirect
            [updated_at] => 2018-08-31 17:49:52
            [image] => //octobercms.com/storage/app/uploads/public/5b8/939/20c/thumb_10727_64_64_0_0_auto.png
            [author] => Van der Let & Partners
            [hash] => ddfc332fda3b29aae61d9bf0ad6e61ba
            [demo_url] => 
            [product_url] => http://octobercms.com/plugin/vdlp-redirect
        )

    [1] => Array
        (
            [name] => Shopaholic
            [description] => Free eCommerce plugin with a large set of extensions
            [code] => Lovata.Shopaholic
            [updated_at] => 2018-02-21 01:13:04
            [image] => //octobercms.com/storage/app/uploads/public/5bf/fdc/e96/thumb_11714_64_64_0_0_auto.png
            [author] => LOVATA
            [hash] => e3848807beb43595234fa3049af2ac1d
            [demo_url] => http://demo.shopaholic.one/
            [product_url] => http://octobercms.com/plugin/lovata-shopaholic
        )

    [2] => Array
        (
            [name] => Notify
            [description] => Notification engine and services
            [code] => RainLab.Notify
            [updated_at] => 2017-09-11 19:16:29
            [image] => //octobercms.com/storage/app/uploads/public/59b/741/b78/thumb_8010_64_64_0_0_auto.png
            [author] => RainLab
            [hash] => d8366e24dc7060ea375cc6b81c08f4b9
            [demo_url] => 
            [product_url] => http://octobercms.com/plugin/rainlab-notify
        )

    [3] => Array
        (
            [name] => Builder
            [description] => Create a fully functional plugin scaffold in a matter of minutes
            [code] => RainLab.Builder
            [updated_at] => 2016-02-10 06:24:20
            [image] => //octobercms.com/storage/app/uploads/public/56b/aca/9eb/thumb_3841_64_64_0_0_auto.png
            [author] => RainLab
            [hash] => 69f18ef90eaeeddea3ebc4be272c10b8
            [demo_url] => 
            [product_url] => http://octobercms.com/plugin/rainlab-builder
        )

    [4] => Array
        (
            [name] => Location
            [description] => Adds location based features, such as Country and State.
            [code] => RainLab.Location
            [updated_at] => 2015-09-25 22:21:18
            [image] => //octobercms.com/storage/app/uploads/public/560/62a/c6d/thumb_2994_64_64_0_0_auto.png
            [author] => RainLab
            [hash] => ba0f3bfd9db85a1cdff2b0048a02fec8
            [demo_url] => 
            [product_url] => http://octobercms.com/plugin/rainlab-location
        )

    [5] => Array
        (
            [name] => Sitemap
            [description] => Generate a sitemap.xml file for your website.
            [code] => RainLab.Sitemap
            [updated_at] => 2014-11-19 23:50:15
            [image] => //octobercms.com/storage/app/uploads/public/546/c40/98b/thumb_959_64_64_0_0_auto.png
            [author] => RainLab
            [hash] => 606e842436cc3134b99db8c2a29b9423
            [demo_url] => 
            [product_url] => http://octobercms.com/plugin/rainlab-sitemap
        )

    [6] => Array
        (
            [name] => Twitter
            [description] => This plugin adds a Twitter features to your page.
            [code] => RainLab.Twitter
            [updated_at] => 2014-07-14 01:07:53
            [image] => //octobercms.com/storage/app/uploads/public/537/288/83c/thumb_26_64_64_0_0_auto.png
            [author] => RainLab
            [hash] => dc5827e307b3d4996229ef78a1cd3658
            [demo_url] => 
            [product_url] => http://octobercms.com/plugin/rainlab-twitterfeed
        )

    [7] => Array
        (
            [name] => MailChimp
            [description] => Provides MailChimp integration services.
            [code] => RainLab.MailChimp
            [updated_at] => 2014-05-12 01:53:25
            [image] => //octobercms.com/storage/app/uploads/public/537/210/7f3/thumb_22_64_64_0_0_auto.png
            [author] => RainLab
            [hash] => 2214de3559bc33797582e423abfb0689
            [demo_url] => 
            [product_url] => http://octobercms.com/plugin/rainlab-mailchimp
        )

)

[2018/12/01 10:20:29] Execute handler (onGetPopularThemes): Array
(
    [0] => Array
        (
            [name] => Clean Blog
            [description] => Clean blogger theme.
            [code] => Responsiv.Clean
            [updated_at] => 2017-04-03 19:39:38
            [image] => //octobercms.com/storage/app/uploads/public/58e/304/7a4/thumb_6978_210_140_0_0_crop.png
            [author] => Responsiv Internet
            [hash] => 07e5b7066168a94349ac92018770c2e8
            [demo_url] => http://daftspunk.com/
            [product_url] => http://octobercms.com/theme/responsiv-clean
        )

    [1] => Array
        (
            [name] => New Age
            [description] => Landing page for mobile apps
            [code] => VojtaSvoboda.newage
            [updated_at] => 2016-10-20 17:20:43
            [image] => //octobercms.com/storage/app/uploads/public/580/7eb/dc9/thumb_5770_210_140_0_0_crop.png
            [author] => Vojta Svoboda
            [hash] => 09d9e47e64a2ed47dc35146a792008c2
            [demo_url] => https://blackrockdigital.github.io/startbootstrap-new-age/
            [product_url] => http://octobercms.com/theme/vojtasvoboda-newage
        )

    [2] => Array
        (
            [name] => Stellar
            [description] => a clean, responsive one page and blog theme
            [code] => Zwiebl.zwiebl_stellar
            [updated_at] => 2016-09-27 16:56:35
            [image] => //octobercms.com/storage/app/uploads/public/57e/bb4/fe9/thumb_5641_210_140_0_0_crop.png
            [author] => Alpen.Space
            [hash] => 19345446d87ad08e6937503019a43fd9
            [demo_url] => https://demo-stellar.alpen.space/
            [product_url] => http://octobercms.com/theme/zwiebl-zwiebl-stellar
        )

    [3] => Array
        (
            [name] => Blank Bootstrap 4
            [description] => A blank Bootstrap 4 template
            [code] => Hambern.hambern-blank-bootstrap-4
            [updated_at] => 2016-08-23 17:57:44
            [image] => //octobercms.com/storage/app/uploads/public/57b/9ba/c48/thumb_5365_210_140_0_0_crop.png
            [author] => Mattias Hamberg
            [hash] => 9a6762de633774de2cebf69a88f290d1
            [demo_url] => 
            [product_url] => http://octobercms.com/theme/hambern-hambern-blank-bootstrap-4
        )

    [4] => Array
        (
            [name] => Bonjour
            [description] => A sample multi-lingual theme for translated content.
            [code] => RainLab.Bonjour
            [updated_at] => 2016-07-03 21:05:29
            [image] => //octobercms.com/storage/app/uploads/public/577/9df/850/thumb_4911_210_140_0_0_crop.png
            [author] => RainLab
            [hash] => f1084f81e0e1c5c8d22317794292deb3
            [demo_url] => 
            [product_url] => http://octobercms.com/theme/rainlab-bonjour
        )

    [5] => Array
        (
            [name] => Viola
            [description] => One Page Theme based on Bootstrap 4 with different color schemes, scss files included
            [code] => JumpLink.Viola
            [updated_at] => 2016-07-11 09:55:39
            [image] => //octobercms.com/storage/app/uploads/public/574/6af/435/thumb_4705_210_140_0_0_crop.png
            [author] => JumpLink
            [hash] => fe09a3915724fcc241e0e5914c8ea346
            [demo_url] => http://healthyteeth.jumplink.eu/
            [product_url] => http://octobercms.com/theme/jumplink-viola
        )

    [6] => Array
        (
            [name] => Relax
            [description] => A fictional site called House of Chairs that demonstrates how to build a client-friendly website.
            [code] => RainLab.Relax
            [updated_at] => 2015-07-01 19:16:08
            [image] => //octobercms.com/storage/app/uploads/public/559/49e/2da/thumb_2585_210_140_0_0_crop.png
            [author] => RainLab
            [hash] => a35c64b09ad6347b8a226291e5b8fd75
            [demo_url] => 
            [product_url] => http://octobercms.com/theme/rainlab-relax
        )

    [7] => Array
        (
            [name] => Vanilla
            [description] => A plain starter template that implements account management, a blog and community forum.
            [code] => RainLab.Vanilla
            [updated_at] => 2015-04-14 16:37:36
            [image] => //octobercms.com/storage/app/uploads/public/552/da4/0f8/thumb_2106_210_140_0_0_crop.png
            [author] => RainLab
            [hash] => 4b893d1c085a298e9b9b1d13635a675f
            [demo_url] => 
            [product_url] => http://octobercms.com/theme/rainlab-vanilla
        )

    [8] => Array
        (
            [name] => Flat UI
            [description] => A theme that uses a Flat user-interface and has no dependencies on others plugins.
            [code] => Responsiv.Flat
            [updated_at] => 2014-07-23 21:32:51
            [image] => //octobercms.com/storage/app/uploads/public/53d/084/fbc/thumb_543_210_140_0_0_crop.png
            [author] => Responsiv Internet
            [hash] => 3b3994c2c50d1b0f49a0725d764c12e8
            [demo_url] => 
            [product_url] => http://octobercms.com/theme/responsiv-flat
        )

)

.============================ POST REQUEST ==========================.
[2018/12/01 10:20:34] Postback payload: Array
(
    [step] => getMetaData
    [meta] => 
    [handler] => onInstallStep
)

[2018/12/01 10:20:34] Install step: getMetaData
[2018/12/01 10:20:34] Server request: core/install
[2018/12/01 10:20:34] Request information: Array
(
    [url] => http://octobercms.com/api/core/install
    [content_type] => application/json
    [http_code] => 200
    [header_size] => 362
    [request_size] => 199
    [filetime] => -1
    [ssl_verify_result] => 0
    [redirect_count] => 0
    [total_time] => 0.636298
    [namelookup_time] => 3.9E-5
    [connect_time] => 0.039738
    [pretransfer_time] => 0.039795
    [size_upload] => 60
    [size_download] => 132
    [speed_download] => 207
    [speed_upload] => 94
    [download_content_length] => 132
    [upload_content_length] => 60
    [starttransfer_time] => 0.636275
    [redirect_time] => 0
    [redirect_url] => 
    [primary_ip] => 104.24.112.12
    [certinfo] => Array
        (
        )

    [primary_port] => 80
    [local_ip] => 192.168.1.85
    [local_port] => 51201
)

[2018/12/01 10:20:34] Step getMetaData +OK
[2018/12/01 10:20:34] Execute handler (onInstallStep): Array
(
    [result] => Array
        (
            [core] => Array
                (
                    [hash] => f4018fccd269a1ddcedc4a0e0c13d3d9
                    [build] => 443
                    [uhash] => 8dccb2043759b385e46cc3cf6a36c4b4
                )

            [plugins] => Array
                (
                )

            [themes] => Array
                (
                )

        )

)

.============================ POST REQUEST ==========================.
[2018/12/01 10:20:35] Postback payload: Array
(
    [step] => downloadCore
    [meta] => Array
        (
            [core] => Array
                (
                    [hash] => f4018fccd269a1ddcedc4a0e0c13d3d9
                    [build] => 443
                    [uhash] => 8dccb2043759b385e46cc3cf6a36c4b4
                )

        )

    [handler] => onInstallStep
)

[2018/12/01 10:20:35] Install step: downloadCore
[2018/12/01 10:20:38] Saving to file (core): /Users/benjest/Documents/Personal/SJMA 2018/Website_october/install-master/install_files/temp/a74ad8dfacd4f985eb3977517615ce25.arc
[2018/12/01 10:20:38] Step downloadCore +OK
[2018/12/01 10:20:38] Execute handler (onInstallStep): Array
(
    [result] => 
)

.============================ POST REQUEST ==========================.
[2018/12/01 10:20:38] Postback payload: Array
(
    [step] => extractCore
    [meta] => Array
        (
            [core] => Array
                (
                    [hash] => f4018fccd269a1ddcedc4a0e0c13d3d9
                    [build] => 443
                    [uhash] => 8dccb2043759b385e46cc3cf6a36c4b4
                )

        )

    [handler] => onInstallStep
)

[2018/12/01 10:20:38] Install step: extractCore
[2018/12/01 10:20:38] Extracting file (core): a74ad8dfacd4f985eb3977517615ce25.arc
[2018/12/01 10:20:42] Step extractCore +OK
[2018/12/01 10:20:42] Execute handler (onInstallStep): Array
(
    [result] => 1
)

.============================ POST REQUEST ==========================.
[2018/12/01 10:20:43] Postback payload: Array
(
    [step] => setupConfig
    [meta] => Array
        (
            [core] => Array
                (
                    [hash] => f4018fccd269a1ddcedc4a0e0c13d3d9
                    [build] => 443
                    [uhash] => 8dccb2043759b385e46cc3cf6a36c4b4
                )

        )

    [db_type] => mysql
    [db_host] => localhost
    [db_port] => 
    [db_name] => sjma_db
    [db_user] => sjma_user
    [db_pass] => *******
    [admin_first_name] => Sarah
    [admin_last_name] => Jest
    [admin_email] => *******@*****.com
    [admin_login] => admin
    [admin_password] => *******
    [admin_confirm_password] => *******
    [backend_uri] => /backend
    [encryption_code] => *******
    [file_mask] => 777
    [folder_mask] => 777
    [handler] => onInstallStep
)

[2018/12/01 10:20:43] Install step: setupConfig
[2018/12/01 10:20:44] Step setupConfig +OK
[2018/12/01 10:20:44] Execute handler (onInstallStep): Array
(
    [result] => 
)

.============================ POST REQUEST ==========================.
[2018/12/01 10:20:44] Postback payload: Array
(
    [step] => createAdmin
    [meta] => Array
        (
            [core] => Array
                (
                    [hash] => f4018fccd269a1ddcedc4a0e0c13d3d9
                    [build] => 443
                    [uhash] => 8dccb2043759b385e46cc3cf6a36c4b4
                )

        )

    [db_type] => mysql
    [db_host] => localhost
    [db_port] => 
    [db_name] => sjma_db
    [db_user] => sjma_user
    [db_pass] => *******
    [admin_first_name] => Sarah
    [admin_last_name] => Jest
    [admin_email] => *******@*****.com
    [admin_login] => admin
    [admin_password] => *******
    [admin_confirm_password] => *******
    [backend_uri] => /backend
    [encryption_code] => *******
    [file_mask] => 777
    [folder_mask] => 777
    [handler] => onInstallStep
)

[2018/12/01 10:20:44] Install step: createAdmin
[2018/12/01 10:20:46] Step createAdmin +OK
[2018/12/01 10:20:46] Execute handler (onInstallStep): Array
(
    [result] => 
)

.============================ POST REQUEST ==========================.
[2018/12/01 10:20:47] Postback payload: Array
(
    [disableLog] => 1
)

[2018/12/01 10:20:47] Install step: setupProject
[2018/12/01 10:20:47] Step setupProject +OK
[2018/12/01 10:20:47] Execute handler (onInstallStep): Array
(
    [result] => 
)

.============================ POST REQUEST ==========================.
[2018/12/01 10:20:48] Postback payload: Array
(
    [step] => finishInstall
    [meta] => Array
        (
            [core] => Array
                (
                    [hash] => f4018fccd269a1ddcedc4a0e0c13d3d9
                    [build] => 443
                    [uhash] => 8dccb2043759b385e46cc3cf6a36c4b4
                )

        )

    [hash] => f4018fccd269a1ddcedc4a0e0c13d3d9
    [build] => 443
    [uhash] => 8dccb2043759b385e46cc3cf6a36c4b4
    [handler] => onInstallStep
)

[2018/12/01 10:20:48] Install step: finishInstall
[2018/12/01 10:20:48] Cleaning up file: a74ad8dfacd4f985eb3977517615ce25.arc
[2018/12/01 10:20:48] Step finishInstall +OK
[2018/12/01 10:20:48] Execute handler (onInstallStep): Array
(
    [result] => 
)

